Unity Editor version:    2021.3.4f1 (cb45f9cae8b7)
Branch:                  2021.3/staging
Build type:              Release
Batch mode:              YES
System name:             Linux
Distro version:          #39-Ubuntu SMP Wed Jun 1 19:16:45 UTC 2022
Kernel version:          5.15.0-37-generic
Architecture:            x86_64
Available memory:        39520 MB
Using pre-set license
Pro License: YES

(Unity:20313): Gdk-CRITICAL **: 00:43:37.817: gdk_window_get_cursor: assertion 'GDK_IS_WINDOW (window)' failed
Desktop is 3424 x 1926 @ 60 Hz
Initialize udev device monitor.

COMMAND LINE ARGUMENTS:
Unity
-adb2
-batchMode
-noUpm
-name
AssetImportWorker8
-projectPath
/home/silvey/savetheworld
-logFile
Logs/AssetImportWorker8.log
-srvPort
44635
Successfully changed project path to: /home/silvey/savetheworld
/home/silvey/savetheworld
[UnityMemory] Configuration Parameters - Can be set up in boot.config
    "memorysetup-bucket-allocator-granularity=16"
    "memorysetup-bucket-allocator-bucket-count=8"
    "memorysetup-bucket-allocator-block-size=33554432"
    "memorysetup-bucket-allocator-block-count=8"
    "memorysetup-main-allocator-block-size=16777216"
    "memorysetup-thread-allocator-block-size=16777216"
    "memorysetup-gfx-main-allocator-block-size=16777216"
    "memorysetup-gfx-thread-allocator-block-size=16777216"
    "memorysetup-cache-allocator-block-size=4194304"
    "memorysetup-typetree-allocator-block-size=2097152"
    "memorysetup-profiler-bucket-allocator-granularity=16"
    "memorysetup-profiler-bucket-allocator-bucket-count=8"
    "memorysetup-profiler-bucket-allocator-block-size=33554432"
    "memorysetup-profiler-bucket-allocator-block-count=8"
    "memorysetup-profiler-allocator-block-size=16777216"
    "memorysetup-profiler-editor-allocator-block-size=1048576"
    "memorysetup-temp-allocator-size-main=16777216"
    "memorysetup-job-temp-allocator-block-size=2097152"
    "memorysetup-job-temp-allocator-block-size-background=1048576"
    "memorysetup-job-temp-allocator-reduction-small-platforms=262144"
    "memorysetup-temp-allocator-size-background-worker=32768"
    "memorysetup-temp-allocator-size-job-worker=262144"
    "memorysetup-temp-allocator-size-preload-manager=33554432"
    "memorysetup-temp-allocator-size-nav-mesh-worker=65536"
    "memorysetup-temp-allocator-size-audio-worker=65536"
    "memorysetup-temp-allocator-size-cloud-worker=32768"
    "memorysetup-temp-allocator-size-gi-baking-worker=262144"
    "memorysetup-temp-allocator-size-gfx=262144"
Unable to load player prefs
Refreshing native plugins compatible for Editor in 97.34 ms, found 0 plugins.
Preloading 0 native plugins for Editor in 0.00 ms.
Initialize engine version: 2021.3.4f1 (cb45f9cae8b7)
[Subsystems] Discovering subsystems at path /home/silvey/Unity/Hub/Editor/2021.3.4f1/Editor/Data/Resources/UnitySubsystems
[Subsystems] Discovering subsystems at path /home/silvey/savetheworld/Assets
GLX Extensions: GLX_ARB_create_context GLX_ARB_create_context_no_error GLX_ARB_create_context_profile GLX_ARB_create_context_robustness GLX_ARB_fbconfig_float GLX_ARB_framebuffer_sRGB GLX_ARB_get_proc_address GLX_ARB_multisample GLX_EXT_buffer_age GLX_EXT_create_context_es2_profile GLX_EXT_create_context_es_profile GLX_EXT_fbconfig_packed_float GLX_EXT_framebuffer_sRGB GLX_EXT_no_config_context GLX_EXT_swap_control GLX_EXT_swap_control_tear GLX_EXT_texture_from_pixmap GLX_EXT_visual_info GLX_EXT_visual_rating GLX_INTEL_swap_event GLX_MESA_copy_sub_buffer GLX_MESA_query_renderer GLX_MESA_swap_control GLX_OML_swap_method GLX_OML_sync_control GLX_SGIS_multisample GLX_SGIX_fbconfig GLX_SGIX_pbuffer GLX_SGIX_visual_select_group GLX_SGI_make_current_read GLX_SGI_swap_control GLX_SGI_video_sync 
Renderer: AMD RENOIR (LLVM 13.0.1, DRM 3.42, 5.15.0-37-generic)
Vendor:   AMD
Version:  4.6 (Core Profile) Mesa 22.0.1
GLES:     0
 GL_AMD_conservative_depth GL_AMD_depth_clamp_separate GL_AMD_draw_buffers_blend GL_AMD_framebuffer_multisample_advanced GL_AMD_gpu_shader_int64 GL_AMD_multi_draw_indirect GL_AMD_performance_monitor GL_AMD_pinned_memory GL_AMD_query_buffer_object GL_AMD_seamless_cubemap_per_texture GL_AMD_shader_stencil_export GL_AMD_shader_trinary_minmax GL_AMD_texture_texture4 GL_AMD_vertex_shader_layer GL_AMD_vertex_shader_viewport_index GL_ANGLE_texture_compression_dxt3 GL_ANGLE_texture_compression_dxt5 GL_ARB_ES2_compatibility GL_ARB_ES3_1_compatibility GL_ARB_ES3_2_compatibility GL_ARB_ES3_compatibility GL_ARB_arrays_of_arrays GL_ARB_base_instance GL_ARB_bindless_texture GL_ARB_blend_func_extended GL_ARB_buffer_storage GL_ARB_clear_buffer_object GL_ARB_clear_texture GL_ARB_clip_control GL_ARB_color_buffer_float GL_ARB_compressed_texture_pixel_storage GL_ARB_compute_shader GL_ARB_compute_variable_group_size GL_ARB_conditional_render_inverted GL_ARB_conservative_depth GL_ARB_copy_buffer GL_ARB_copy_image GL_ARB_cull_dist
ance GL_ARB_debug_output GL_ARB_depth_buffer_float GL_ARB_depth_clamp GL_ARB_derivative_control GL_ARB_direct_state_access GL_ARB_draw_buffers GL_ARB_draw_buffers_blend GL_ARB_draw_elements_base_vertex GL_ARB_draw_indirect GL_ARB_draw_instanced GL_ARB_enhanced_layouts GL_ARB_explicit_attrib_location GL_ARB_explicit_uniform_location GL_ARB_fragment_coord_conventions GL_ARB_fragment_layer_viewport GL_ARB_fragment_shader GL_ARB_framebuffer_no_attachments GL_ARB_framebuffer_object GL_ARB_framebuffer_sRGB GL_ARB_get_program_binary GL_ARB_get_texture_sub_image GL_ARB_gl_spirv GL_ARB_gpu_shader5 GL_ARB_gpu_shader_fp64 GL_ARB_gpu_shader_int64 GL_ARB_half_float_pixel GL_ARB_half_float_vertex GL_ARB_indirect_parameters GL_ARB_instanced_arrays GL_ARB_internalformat_query GL_ARB_internalformat_query2 GL_ARB_invalidate_subdata GL_ARB_map_buffer_alignment GL_ARB_map_buffer_range GL_ARB_multi_bind GL_ARB_multi_draw_indirect GL_ARB_occlusion_query2 GL_ARB_parallel_shader_compile GL_ARB_pipeline_statistics_query GL_ARB_pixel
_buffer_object GL_ARB_point_sprite GL_ARB_polygon_offset_clamp GL_ARB_program_interface_query GL_ARB_provoking_vertex GL_ARB_query_buffer_object GL_ARB_robust_buffer_access_behavior GL_ARB_robustness GL_ARB_sample_shading GL_ARB_sampler_objects GL_ARB_seamless_cube_map GL_ARB_seamless_cubemap_per_texture GL_ARB_separate_shader_objects GL_ARB_shader_atomic_counter_ops GL_ARB_shader_atomic_counters GL_ARB_shader_ballot GL_ARB_shader_bit_encoding GL_ARB_shader_clock GL_ARB_shader_draw_parameters GL_ARB_shader_group_vote GL_ARB_shader_image_load_store GL_ARB_shader_image_size GL_ARB_shader_objects GL_ARB_shader_precision GL_ARB_shader_stencil_export GL_ARB_shader_storage_buffer_object GL_ARB_shader_subroutine GL_ARB_shader_texture_image_samples GL_ARB_shader_texture_lod GL_ARB_shader_viewport_layer_array GL_ARB_shading_language_420pack GL_ARB_shading_language_include GL_ARB_shading_language_packing GL_ARB_sparse_buffer GL_ARB_sparse_texture GL_ARB_sparse_texture2 GL_ARB_sparse_texture_clamp GL_ARB_spirv_extensio
ns GL_ARB_stencil_texturing GL_ARB_sync GL_ARB_tessellation_shader GL_ARB_texture_barrier GL_ARB_texture_buffer_object GL_ARB_texture_buffer_object_rgb32 GL_ARB_texture_buffer_range GL_ARB_texture_compression_bptc GL_ARB_texture_compression_rgtc GL_ARB_texture_cube_map_array GL_ARB_texture_filter_anisotropic GL_ARB_texture_float GL_ARB_texture_gather GL_ARB_texture_mirror_clamp_to_edge GL_ARB_texture_multisample GL_ARB_texture_non_power_of_two GL_ARB_texture_query_levels GL_ARB_texture_query_lod GL_ARB_texture_rectangle GL_ARB_texture_rg GL_ARB_texture_rgb10_a2ui GL_ARB_texture_stencil8 GL_ARB_texture_storage GL_ARB_texture_storage_multisample GL_ARB_texture_swizzle GL_ARB_texture_view GL_ARB_timer_query GL_ARB_transform_feedback2 GL_ARB_transform_feedback3 GL_ARB_transform_feedback_instanced GL_ARB_transform_feedback_overflow_query GL_ARB_uniform_buffer_object GL_ARB_vertex_array_bgra GL_ARB_vertex_array_object GL_ARB_vertex_attrib_64bit GL_ARB_vertex_attrib_binding GL_ARB_vertex_buffer_object GL_ARB_vertex
_shader GL_ARB_vertex_type_10f_11f_11f_rev GL_ARB_vertex_type_2_10_10_10_rev GL_ARB_viewport_array GL_ATI_blend_equation_separate GL_ATI_meminfo GL_ATI_texture_float GL_ATI_texture_mirror_once GL_EXT_EGL_image_storage GL_EXT_EGL_sync GL_EXT_abgr GL_EXT_blend_equation_separate GL_EXT_demote_to_helper_invocation GL_EXT_depth_bounds_test GL_EXT_draw_buffers2 GL_EXT_draw_instanced GL_EXT_framebuffer_blit GL_EXT_framebuffer_multisample GL_EXT_framebuffer_multisample_blit_scaled GL_EXT_framebuffer_object GL_EXT_framebuffer_sRGB GL_EXT_memory_object GL_EXT_memory_object_fd GL_EXT_packed_depth_stencil GL_EXT_packed_float GL_EXT_pixel_buffer_object GL_EXT_polygon_offset_clamp GL_EXT_provoking_vertex GL_EXT_semaphore GL_EXT_semaphore_fd GL_EXT_shader_image_load_formatted GL_EXT_shader_image_load_store GL_EXT_shader_integer_mix GL_EXT_shader_samples_identical GL_EXT_texture_array GL_EXT_texture_compression_dxt1 GL_EXT_texture_compression_rgtc GL_EXT_texture_compression_s3tc GL_EXT_texture_filter_anisotropic GL_EXT_text
ure_integer GL_EXT_texture_mirror_clamp GL_EXT_texture_sRGB GL_EXT_texture_sRGB_R8 GL_EXT_texture_sRGB_decode GL_EXT_texture_shadow_lod GL_EXT_texture_shared_exponent GL_EXT_texture_snorm GL_EXT_texture_swizzle GL_EXT_timer_query GL_EXT_transform_feedback GL_EXT_vertex_array_bgra GL_EXT_vertex_attrib_64bit GL_EXT_window_rectangles GL_IBM_multimode_draw_arrays GL_INTEL_blackhole_render GL_KHR_blend_equation_advanced GL_KHR_context_flush_control GL_KHR_debug GL_KHR_no_error GL_KHR_parallel_shader_compile GL_KHR_robust_buffer_access_behavior GL_KHR_robustness GL_KHR_texture_compression_astc_ldr GL_KHR_texture_compression_astc_sliced_3d GL_MESA_framebuffer_flip_y GL_MESA_pack_invert GL_MESA_shader_integer_functions GL_MESA_texture_signed_rgba GL_NVX_gpu_memory_info GL_NV_alpha_to_coverage_dither_control GL_NV_compute_shader_derivatives GL_NV_conditional_render GL_NV_copy_image GL_NV_depth_clamp GL_NV_packed_depth_stencil GL_NV_shader_atomic_int64 GL_NV_texture_barrier GL_NV_vdpau_interop GL_OES_EGL_image GL_S3_s
3tc
OPENGL LOG: Creating OpenGL 4.6 graphics device ; Context level  <OpenGL 4.5> ; Context handle -1275530672
Initialize mono
Mono path[0] = '/home/silvey/Unity/Hub/Editor/2021.3.4f1/Editor/Data/Managed'
Mono path[1] = '/home/silvey/Unity/Hub/Editor/2021.3.4f1/Editor/Data/MonoBleedingEdge/lib/mono/unityjit-linux'
Mono config path = '/home/silvey/Unity/Hub/Editor/2021.3.4f1/Editor/Data/MonoBleedingEdge/etc'
Using monoOptions --debugger-agent=transport=dt_socket,embedding=1,server=y,suspend=n,address=127.0.0.1:56313
Begin MonoManager ReloadAssembly
Registering precompiled unity dll's ...
Register platform support module: /home/silvey/Unity/Hub/Editor/2021.3.4f1/Editor/Data/PlaybackEngines/WebGLSupport/UnityEditor.WebGL.Extensions.dll
Register platform support module: /home/silvey/Unity/Hub/Editor/2021.3.4f1/Editor/Data/PlaybackEngines/AndroidPlayer/UnityEditor.Android.Extensions.dll
Register platform support module: /home/silvey/Unity/Hub/Editor/2021.3.4f1/Editor/Data/PlaybackEngines/WindowsStandaloneSupport/UnityEditor.WindowsStandalone.Extensions.dll
Register platform support module: /home/silvey/Unity/Hub/Editor/2021.3.4f1/Editor/Data/PlaybackEngines/LinuxStandaloneSupport/UnityEditor.LinuxStandalone.Extensions.dll
Registered in 0.004935 seconds.
Native extension for LinuxStandalone target not found
Native extension for WindowsStandalone target not found
Native extension for Android target not found
Native extension for WebGL target not found
Refreshing native plugins compatible for Editor in 79.55 ms, found 0 plugins.
Preloading 0 native plugins for Editor in 0.00 ms.
Mono: successfully reloaded assembly
- Completed reload, in  0.678 seconds
Domain Reload Profiling:
	ReloadAssembly (678ms)
		BeginReloadAssembly (59ms)
			ExecutionOrderSort (0ms)
			DisableScriptedObjects (0ms)
			BackupInstance (0ms)
			ReleaseScriptingObjects (0ms)
			CreateAndSetChildDomain (2ms)
		EndReloadAssembly (509ms)
			LoadAssemblies (57ms)
			RebuildTransferFunctionScriptingTraits (0ms)
			SetupTypeCache (102ms)
			ReleaseScriptCaches (0ms)
			RebuildScriptCaches (25ms)
			SetupLoadedEditorAssemblies (321ms)
				LogAssemblyErrors (0ms)
				InitializePlatformSupportModulesInManaged (67ms)
				SetLoadedEditorAssemblies (1ms)
				RefreshPlugins (80ms)
				BeforeProcessingInitializeOnLoad (2ms)
				ProcessInitializeOnLoadAttributes (117ms)
				ProcessInitializeOnLoadMethodAttributes (55ms)
				AfterProcessingInitializeOnLoad (0ms)
				EditorAssembliesLoaded (0ms)
			ExecutionOrderSort2 (0ms)
			AwakeInstancesAfterBackupRestoration (0ms)
Platform modules already initialized, skipping
Registering precompiled user dll's ...
Registered in 0.002075 seconds.
Begin MonoManager ReloadAssembly
Symbol file LoadedFromMemory doesn't match image /home/silvey/savetheworld/Library/PackageCache/com.unity.visualscripting@1.7.8/Editor/VisualScripting.Core/Dependencies/YamlDotNet/Unity.VisualScripting.YamlDotNet.dll
Symbol file LoadedFromMemory doesn't match image /home/silvey/savetheworld/Library/PackageCache/com.unity.visualscripting@1.7.8/Editor/VisualScripting.Core/Dependencies/DotNetZip/Unity.VisualScripting.IonicZip.dll
Native extension for LinuxStandalone target not found
Native extension for WindowsStandalone target not found
Native extension for Android target not found
Native extension for WebGL target not found
Refreshing native plugins compatible for Editor in 1.15 ms, found 0 plugins.
Preloading 0 native plugins for Editor in 0.00 ms.
Mono: successfully reloaded assembly
- Completed reload, in  1.322 seconds
Domain Reload Profiling:
	ReloadAssembly (1323ms)
		BeginReloadAssembly (218ms)
			ExecutionOrderSort (0ms)
			DisableScriptedObjects (9ms)
			BackupInstance (0ms)
			ReleaseScriptingObjects (0ms)
			CreateAndSetChildDomain (130ms)
		EndReloadAssembly (988ms)
			LoadAssemblies (66ms)
			RebuildTransferFunctionScriptingTraits (0ms)
			SetupTypeCache (255ms)
			ReleaseScriptCaches (2ms)
			RebuildScriptCaches (68ms)
			SetupLoadedEditorAssemblies (520ms)
				LogAssemblyErrors (0ms)
				InitializePlatformSupportModulesInManaged (33ms)
				SetLoadedEditorAssemblies (1ms)
				RefreshPlugins (1ms)
				BeforeProcessingInitializeOnLoad (89ms)
				ProcessInitializeOnLoadAttributes (349ms)
				ProcessInitializeOnLoadMethodAttributes (42ms)
				AfterProcessingInitializeOnLoad (4ms)
				EditorAssembliesLoaded (1ms)
			ExecutionOrderSort2 (0ms)
			AwakeInstancesAfterBackupRestoration (7ms)
Platform modules already initialized, skipping
========================================================================
Worker process is ready to serve import requests
Launched and connected shader compiler UnityShaderCompiler after 0.01 seconds
Refreshing native plugins compatible for Editor in 1.00 ms, found 0 plugins.
Preloading 0 native plugins for Editor in 0.00 ms.
Unloading 3377 Unused Serialized files (Serialized files now loaded: 0)
Unloading 27 unused Assets / (72.9 KB). Loaded Objects now: 3837.
Memory consumption went from 112.4 MB to 112.3 MB.
Total: 3.324934 ms (FindLiveObjects: 0.260299 ms CreateObjectMapping: 0.082901 ms MarkObjects: 2.784991 ms  DeleteObjects: 0.189060 ms)

AssetImportParameters requested are different than current active one (requested -> active):
  custom:video-decoder-ogg-theora: a1e56fd34408186e4bbccfd4996cb3dc -> 
  custom:container-muxer-webm: aa71ff27fc2769a1b78a27578f13a17b -> 
  custom:container-demuxer-webm: 4f35f7cbe854078d1ac9338744f61a02 -> 
  custom:video-encoder-webm-vp8: eb34c28f22e8b96e1ab97ce403110664 -> 
  custom:audio-encoder-webm-vorbis: bf7c407c2cedff20999df2af8eb42d56 -> 
  custom:container-demuxer-ogg: 62fdf1f143b41e24485cea50d1cbac27 -> 
  custom:video-decoder-webm-vp8: 9c59270c3fd7afecdb556c50c9e8de78 -> 
  custom:audio-decoder-ogg-vorbis: bf7c407c2cedff20999df2af8eb42d56 -> 
========================================================================
Received Import Request.
  Time since last request: 5831.993780 seconds.
  path: Assets/Library/BeautifulSky/CubeMap/Materials/Sky_Anime_02_dusk_b.mat
  artifactKey: Guid(5f69af6627281c24a873cdc103a2870e) Importer(815301076,1909f56bfc062723c751e8b465ee728b)
Start importing Assets/Library/BeautifulSky/CubeMap/Materials/Sky_Anime_02_dusk_b.mat using Guid(5f69af6627281c24a873cdc103a2870e) Importer(815301076,1909f56bfc062723c751e8b465ee728b)  -> (artifact id: '67684a1f0f821cad2e3fa22728ea95b1') in 0.309887 seconds 
========================================================================
Received Import Request.
  Time since last request: 0.000059 seconds.
  path: Assets/Library/BeautifulSky/Panoramic/Materials/Sky_Anime_03_Day_a.mat
  artifactKey: Guid(be5a1c13c017c414fbfe1fa60061a295) Importer(815301076,1909f56bfc062723c751e8b465ee728b)
Start importing Assets/Library/BeautifulSky/Panoramic/Materials/Sky_Anime_03_Day_a.mat using Guid(be5a1c13c017c414fbfe1fa60061a295) Importer(815301076,1909f56bfc062723c751e8b465ee728b)  -> (artifact id: 'bcba10949d5df806b2aa30b5f2b8a7b4') in 0.262919 seconds 
========================================================================
Received Import Request.
  Time since last request: 0.000066 seconds.
  path: Assets/Library/BeautifulSky/Panoramic/Materials/Sky_Anime_06_dusk_a.mat
  artifactKey: Guid(d844b5146e34b634c802ea96a4d3ce04) Importer(815301076,1909f56bfc062723c751e8b465ee728b)
Start importing Assets/Library/BeautifulSky/Panoramic/Materials/Sky_Anime_06_dusk_a.mat using Guid(d844b5146e34b634c802ea96a4d3ce04) Importer(815301076,1909f56bfc062723c751e8b465ee728b)  -> (artifact id: '81d662ce51b719cda213115192aeb304') in 0.049864 seconds 
========================================================================
Received Import Request.
  Time since last request: 0.000025 seconds.
  path: Assets/Library/BeautifulSky/CubeMap/Materials/Sky_Anime_06_dusk_a.mat
  artifactKey: Guid(37f3908af42bad44d823616d21bca0e4) Importer(815301076,1909f56bfc062723c751e8b465ee728b)
Start importing Assets/Library/BeautifulSky/CubeMap/Materials/Sky_Anime_06_dusk_a.mat using Guid(37f3908af42bad44d823616d21bca0e4) Importer(815301076,1909f56bfc062723c751e8b465ee728b)  -> (artifact id: 'e8836673fec74abc649e0f9c659dfb83') in 0.127610 seconds 
========================================================================
Received Import Request.
  Time since last request: 0.082433 seconds.
  path: Assets/Library/BeautifulSky/CubeMap/Materials/Sky_Anime_08_dusk_a.mat
  artifactKey: Guid(b5683564a61525644bffe61ad8f53491) Importer(815301076,1909f56bfc062723c751e8b465ee728b)
Start importing Assets/Library/BeautifulSky/CubeMap/Materials/Sky_Anime_08_dusk_a.mat using Guid(b5683564a61525644bffe61ad8f53491) Importer(815301076,1909f56bfc062723c751e8b465ee728b)  -> (artifact id: '006a72f08a5c009ca7fc30eb9955e703') in 0.137768 seconds 
========================================================================
Received Import Request.
  Time since last request: 0.000058 seconds.
  path: Assets/Library/BeautifulSky/Panoramic/Materials/Sky_Anime_09_Night_a.mat
  artifactKey: Guid(64894faecfb046147b600b93e40f67f6) Importer(815301076,1909f56bfc062723c751e8b465ee728b)
Start importing Assets/Library/BeautifulSky/Panoramic/Materials/Sky_Anime_09_Night_a.mat using Guid(64894faecfb046147b600b93e40f67f6) Importer(815301076,1909f56bfc062723c751e8b465ee728b)  -> (artifact id: '8959f4bd77ca78c8ed1f7c8a769500f6') in 0.048512 seconds 
========================================================================
Received Import Request.
  Time since last request: 4.768512 seconds.
  path: Assets/Library/BeautifulSky/Panoramic/Materials/Sky_Anime_10_Night_a.mat
  artifactKey: Guid(f68e23c572bdfe34d82054e7f6e4a232) Importer(815301076,1909f56bfc062723c751e8b465ee728b)
Start importing Assets/Library/BeautifulSky/Panoramic/Materials/Sky_Anime_10_Night_a.mat using Guid(f68e23c572bdfe34d82054e7f6e4a232) Importer(815301076,1909f56bfc062723c751e8b465ee728b)  -> (artifact id: '7932a19e4699e59b734166ad84318456') in 0.084915 seconds 
========================================================================
Received Import Request.
  Time since last request: 0.054658 seconds.
  path: Assets/Library/BeautifulSky/Panoramic/Materials/Sky_Anime_12_morning_a.mat
  artifactKey: Guid(00e100f81cfdc314abe726c22fb3c495) Importer(815301076,1909f56bfc062723c751e8b465ee728b)
Start importing Assets/Library/BeautifulSky/Panoramic/Materials/Sky_Anime_12_morning_a.mat using Guid(00e100f81cfdc314abe726c22fb3c495) Importer(815301076,1909f56bfc062723c751e8b465ee728b)  -> (artifact id: '7e302c9f0ee48ec50df7264f9526dd72') in 0.048459 seconds 
========================================================================
Received Import Request.
  Time since last request: 0.000060 seconds.
  path: Assets/Library/BeautifulSky/Panoramic/Materials/Sky_Anime_13_dusk_a.mat
  artifactKey: Guid(dff15f88928d27f49839a872cf7b86c8) Importer(815301076,1909f56bfc062723c751e8b465ee728b)
Start importing Assets/Library/BeautifulSky/Panoramic/Materials/Sky_Anime_13_dusk_a.mat using Guid(dff15f88928d27f49839a872cf7b86c8) Importer(815301076,1909f56bfc062723c751e8b465ee728b)  -> (artifact id: 'f4289980bcb53f8cc06a83713cd4e57a') in 0.045372 seconds 
========================================================================
Received Import Request.
  Time since last request: 0.000048 seconds.
  path: Assets/Library/BeautifulSky/Panoramic/Materials/Sky_Anime_14_Rain_a.mat
  artifactKey: Guid(b2750ea3a26d83e4e97ba6f3e4498c68) Importer(815301076,1909f56bfc062723c751e8b465ee728b)
Start importing Assets/Library/BeautifulSky/Panoramic/Materials/Sky_Anime_14_Rain_a.mat using Guid(b2750ea3a26d83e4e97ba6f3e4498c68) Importer(815301076,1909f56bfc062723c751e8b465ee728b)  -> (artifact id: '31b7646169ed5a34da3fe69c22cd1e8f') in 0.043570 seconds 
========================================================================
Received Import Request.
  Time since last request: 2.644625 seconds.
  path: Assets/Library/BeautifulSky/CubeMap/Materials/Sky_Anime_14_Rain_a.mat
  artifactKey: Guid(67be6a281a13b004489fdfa4ce73f7cb) Importer(815301076,1909f56bfc062723c751e8b465ee728b)
Start importing Assets/Library/BeautifulSky/CubeMap/Materials/Sky_Anime_14_Rain_a.mat using Guid(67be6a281a13b004489fdfa4ce73f7cb) Importer(815301076,1909f56bfc062723c751e8b465ee728b)  -> (artifact id: '9d17d6f0b03a9be38c5328c959be004a') in 0.180820 seconds 
========================================================================
Received Import Request.
  Time since last request: 0.405966 seconds.
  path: Assets/Library/BeautifulSky/CubeMap/Materials/Sky_Anime_16_Night_b.mat
  artifactKey: Guid(a0fabc1b4da57b74e9e6fb9e7c62c19a) Importer(815301076,1909f56bfc062723c751e8b465ee728b)
Start importing Assets/Library/BeautifulSky/CubeMap/Materials/Sky_Anime_16_Night_b.mat using Guid(a0fabc1b4da57b74e9e6fb9e7c62c19a) Importer(815301076,1909f56bfc062723c751e8b465ee728b)  -> (artifact id: '57c9aa0779ff79a14633b71ecb193edb') in 0.170556 seconds 
========================================================================
Received Import Request.
  Time since last request: 0.000056 seconds.
  path: Assets/Library/BeautifulSky/CubeMap/Materials/Sky_Anime_19_Night_a.mat
  artifactKey: Guid(fa44790f5955a8a47b7a37f1d1f32e5e) Importer(815301076,1909f56bfc062723c751e8b465ee728b)
Start importing Assets/Library/BeautifulSky/CubeMap/Materials/Sky_Anime_19_Night_a.mat using Guid(fa44790f5955a8a47b7a37f1d1f32e5e) Importer(815301076,1909f56bfc062723c751e8b465ee728b)  -> (artifact id: 'a9ec0f5555a58aa957ae0e5717c1c0eb') in 0.140179 seconds 
========================================================================
Received Import Request.
  Time since last request: 1.669598 seconds.
  path: Assets/Library/BeautifulSky/CubeMap/Materials/Sky_Anime_20_Day_a.mat
  artifactKey: Guid(e7184e2c2cb0c754384db9c6aca90429) Importer(815301076,1909f56bfc062723c751e8b465ee728b)
Start importing Assets/Library/BeautifulSky/CubeMap/Materials/Sky_Anime_20_Day_a.mat using Guid(e7184e2c2cb0c754384db9c6aca90429) Importer(815301076,1909f56bfc062723c751e8b465ee728b)  -> (artifact id: '98a7e9efdba750068167c90417b24351') in 0.124990 seconds 
========================================================================
Received Import Request.
  Time since last request: 0.000051 seconds.
  path: Assets/Library/BeautifulSky/CubeMap/Materials/Sky_LowPoly_02_Night_b.mat
  artifactKey: Guid(b12ec974e8c85e644a67295e1cac2c43) Importer(815301076,1909f56bfc062723c751e8b465ee728b)
Start importing Assets/Library/BeautifulSky/CubeMap/Materials/Sky_LowPoly_02_Night_b.mat using Guid(b12ec974e8c85e644a67295e1cac2c43) Importer(815301076,1909f56bfc062723c751e8b465ee728b)  -> (artifact id: '3504ab8a8c28958d9abe3dde898dae36') in 0.142222 seconds 
========================================================================
Received Import Request.
  Time since last request: 0.589276 seconds.
  path: Assets/Library/BasicBedroomPack-Mavi3D/Materials/TV/TvMat01.mat
  artifactKey: Guid(b6c0a7271823c774e858cc875ff19982) Importer(815301076,1909f56bfc062723c751e8b465ee728b)
Start importing Assets/Library/BasicBedroomPack-Mavi3D/Materials/TV/TvMat01.mat using Guid(b6c0a7271823c774e858cc875ff19982) Importer(815301076,1909f56bfc062723c751e8b465ee728b)  -> (artifact id: '65ba94eb388422cb4fb23a3b9b1c7374') in 0.030042 seconds 
========================================================================
Received Import Request.
  Time since last request: 0.628023 seconds.
  path: Assets/Library/BasicBedroomPack-Mavi3D/Materials/TV/TvMat02.mat
  artifactKey: Guid(c31cacb1933ceae44bcfb35cfababde7) Importer(815301076,1909f56bfc062723c751e8b465ee728b)
Start importing Assets/Library/BasicBedroomPack-Mavi3D/Materials/TV/TvMat02.mat using Guid(c31cacb1933ceae44bcfb35cfababde7) Importer(815301076,1909f56bfc062723c751e8b465ee728b)  -> (artifact id: 'b883182c0e7874b99d9be8e0dd2fa146') in 0.023680 seconds 
========================================================================
Received Import Request.
  Time since last request: 0.000044 seconds.
  path: Assets/Library/BasicBedroomPack-Mavi3D/Materials/Window/WindowGlass.mat
  artifactKey: Guid(412725d1430de724cb38f13c45a48395) Importer(815301076,1909f56bfc062723c751e8b465ee728b)
Start importing Assets/Library/BasicBedroomPack-Mavi3D/Materials/Window/WindowGlass.mat using Guid(412725d1430de724cb38f13c45a48395) Importer(815301076,1909f56bfc062723c751e8b465ee728b)  -> (artifact id: '9e7a1b966321e83c435fa0255a3671f1') in 0.008519 seconds 
========================================================================
Received Import Request.
  Time since last request: 2.607274 seconds.
  path: Assets/Library/BasicBedroomPack-Mavi3D/Materials/Window/WindowMetallic.mat
  artifactKey: Guid(e8d23193569ed7d49b77178471f7e554) Importer(815301076,1909f56bfc062723c751e8b465ee728b)
Start importing Assets/Library/BasicBedroomPack-Mavi3D/Materials/Window/WindowMetallic.mat using Guid(e8d23193569ed7d49b77178471f7e554) Importer(815301076,1909f56bfc062723c751e8b465ee728b)  -> (artifact id: '0a1710f9c25568f742eb978ede62719f') in 0.004814 seconds 
========================================================================
Received Import Request.
  Time since last request: 397.158113 seconds.
  path: Assets/wood_table_001_diff_4k.jpg
  artifactKey: Guid(51c52bdace434f72fa349af2e6bc67c1) Importer(815301076,1909f56bfc062723c751e8b465ee728b)
Start importing Assets/wood_table_001_diff_4k.jpg using Guid(51c52bdace434f72fa349af2e6bc67c1) Importer(815301076,1909f56bfc062723c751e8b465ee728b)  -> (artifact id: '1a308842311bcc24683bef0f35ab9b6c') in 0.017012 seconds 
========================================================================
Received Import Request.
  Time since last request: 26.912025 seconds.
  path: Assets/Materials/New Material.mat
  artifactKey: Guid(d9bb3733c27fb9305b3fd7dc4fd5e51e) Importer(815301076,1909f56bfc062723c751e8b465ee728b)
Start importing Assets/Materials/New Material.mat using Guid(d9bb3733c27fb9305b3fd7dc4fd5e51e) Importer(815301076,1909f56bfc062723c751e8b465ee728b)  -> (artifact id: '8d07cd9fda7fc411c67869a8b91c6da8') in 0.010817 seconds 
========================================================================
Received Import Request.
  Time since last request: 20.787194 seconds.
  path: Assets/Library/BasicBedroomPack-Mavi3D/Textures/RoomStructure/Floor/FloorAlbedo.tga
  artifactKey: Guid(f07b67b4b7e01484d8c3159592748ac8) Importer(815301076,1909f56bfc062723c751e8b465ee728b)
Start importing Assets/Library/BasicBedroomPack-Mavi3D/Textures/RoomStructure/Floor/FloorAlbedo.tga using Guid(f07b67b4b7e01484d8c3159592748ac8) Importer(815301076,1909f56bfc062723c751e8b465ee728b)  -> (artifact id: '2dbc42dd98311ca7d31f64d9905cb66d') in 0.011646 seconds 
========================================================================
Received Import Request.
  Time since last request: 0.023347 seconds.
  path: Assets/Library/BasicBedroomPack-Mavi3D/Textures/Furniture/Furniture01/Furniture01Normal.tga
  artifactKey: Guid(9477bb1e798c1a842999667013da86ab) Importer(815301076,1909f56bfc062723c751e8b465ee728b)
Start importing Assets/Library/BasicBedroomPack-Mavi3D/Textures/Furniture/Furniture01/Furniture01Normal.tga using Guid(9477bb1e798c1a842999667013da86ab) Importer(815301076,1909f56bfc062723c751e8b465ee728b)  -> (artifact id: 'a562ad4eee8628cd724b840410a31ec2') in 0.019861 seconds 
========================================================================
Received Import Request.
  Time since last request: 0.024459 seconds.
  path: Assets/Library/BasicBedroomPack-Mavi3D/Textures/Furniture/Furniture01/Furniture01Roughness.tga
  artifactKey: Guid(38b29f52bf7056e4ab1365ee27d370e2) Importer(815301076,1909f56bfc062723c751e8b465ee728b)
Start importing Assets/Library/BasicBedroomPack-Mavi3D/Textures/Furniture/Furniture01/Furniture01Roughness.tga using Guid(38b29f52bf7056e4ab1365ee27d370e2) Importer(815301076,1909f56bfc062723c751e8b465ee728b)  -> (artifact id: 'b91791b3da855316a566a6b9eccdc005') in 0.013745 seconds 
========================================================================
Received Import Request.
  Time since last request: 0.000034 seconds.
  path: Assets/Library/BasicBedroomPack-Mavi3D/DemoScene/DemoScene/Lightmap-0_comp_dir.png
  artifactKey: Guid(bf98e7c46193b1c4c89c98df4e440ca2) Importer(815301076,1909f56bfc062723c751e8b465ee728b)
Start importing Assets/Library/BasicBedroomPack-Mavi3D/DemoScene/DemoScene/Lightmap-0_comp_dir.png using Guid(bf98e7c46193b1c4c89c98df4e440ca2) Importer(815301076,1909f56bfc062723c751e8b465ee728b)  -> (artifact id: 'c39c252e0f172512536d411077fd3d7e') in 0.009946 seconds 
========================================================================
Received Import Request.
  Time since last request: 0.000048 seconds.
  path: Assets/Library/BasicBedroomPack-Mavi3D/Textures/Bed/Mattress/MattressOcclusion.tga
  artifactKey: Guid(137e8f4e85d29f0499db7e39adb82ca0) Importer(815301076,1909f56bfc062723c751e8b465ee728b)
Start importing Assets/Library/BasicBedroomPack-Mavi3D/Textures/Bed/Mattress/MattressOcclusion.tga using Guid(137e8f4e85d29f0499db7e39adb82ca0) Importer(815301076,1909f56bfc062723c751e8b465ee728b)  -> (artifact id: '28c7705d618144b614d4bb7812cf447f') in 0.011578 seconds 
========================================================================
Received Import Request.
  Time since last request: 0.000047 seconds.
  path: Assets/Library/BasicBedroomPack-Mavi3D/Textures/Mirror/MirrorOcclusion.tga
  artifactKey: Guid(1054a32ab4e164a4d8d32107ea85d99f) Importer(815301076,1909f56bfc062723c751e8b465ee728b)
Start importing Assets/Library/BasicBedroomPack-Mavi3D/Textures/Mirror/MirrorOcclusion.tga using Guid(1054a32ab4e164a4d8d32107ea85d99f) Importer(815301076,1909f56bfc062723c751e8b465ee728b)  -> (artifact id: 'fa480720f6783d2f8ff0b3e66f777abe') in 0.007175 seconds 
========================================================================
Received Import Request.
  Time since last request: 0.000025 seconds.
  path: Assets/Library/BasicBedroomPack-Mavi3D/Textures/Furniture/Furniture02/Furniture02Normal.tga
  artifactKey: Guid(5292b1a6d924f4c438d11630074a1bb9) Importer(815301076,1909f56bfc062723c751e8b465ee728b)
Start importing Assets/Library/BasicBedroomPack-Mavi3D/Textures/Furniture/Furniture02/Furniture02Normal.tga using Guid(5292b1a6d924f4c438d11630074a1bb9) Importer(815301076,1909f56bfc062723c751e8b465ee728b)  -> (artifact id: 'd94c919332d988a415e047bf4ffd0bb4') in 0.012003 seconds 
========================================================================
Received Import Request.
  Time since last request: 0.000019 seconds.
  path: Assets/Library/BasicBedroomPack-Mavi3D/Textures/Furniture/Furniture02/Furniture02Roughness.tga
  artifactKey: Guid(c801a2cbf41a04145b3c75fb4785e2e7) Importer(815301076,1909f56bfc062723c751e8b465ee728b)
Start importing Assets/Library/BasicBedroomPack-Mavi3D/Textures/Furniture/Furniture02/Furniture02Roughness.tga using Guid(c801a2cbf41a04145b3c75fb4785e2e7) Importer(815301076,1909f56bfc062723c751e8b465ee728b)  -> (artifact id: '9c1a7d70ef846ef2f4b8bcd6e22b8e99') in 0.010407 seconds 
========================================================================
Received Import Request.
  Time since last request: 0.000044 seconds.
  path: Assets/Library/BasicBedroomPack-Mavi3D/DemoScene/DemoScene/Lightmap-0_comp_light.exr
  artifactKey: Guid(e1e66033fcceb7246aa814d71447fc0e) Importer(815301076,1909f56bfc062723c751e8b465ee728b)
Start importing Assets/Library/BasicBedroomPack-Mavi3D/DemoScene/DemoScene/Lightmap-0_comp_light.exr using Guid(e1e66033fcceb7246aa814d71447fc0e) Importer(815301076,1909f56bfc062723c751e8b465ee728b)  -> (artifact id: 'a9308c14a58a81f6edc2f494494b0845') in 0.021597 seconds 
========================================================================
Received Import Request.
  Time since last request: 0.000048 seconds.
  path: Assets/Library/BasicBedroomPack-Mavi3D/Textures/Mirror/MirrorNormal.tga
  artifactKey: Guid(86b8fff1cb0814e41a092117dc001df0) Importer(815301076,1909f56bfc062723c751e8b465ee728b)
Start importing Assets/Library/BasicBedroomPack-Mavi3D/Textures/Mirror/MirrorNormal.tga using Guid(86b8fff1cb0814e41a092117dc001df0) Importer(815301076,1909f56bfc062723c751e8b465ee728b)  -> (artifact id: '1694f7ed956db00daf11566aed081363') in 0.009652 seconds 
Editor requested this worker to shutdown with reason: Scaling down because of idle timeout
AssetImportWorker is now disconnected from the server
Process exiting
Checking for leaked weakptr:
  Found no leaked weakptrs.
All object instances wasn't destroyed before shutting down
Assertion failed on expression: 'm_MemoryFSRefCount == 0'
Memory Statistics:
[ALLOC_TEMP_TLS] TLS Allocator
  StackAllocators : 
    [ALLOC_TEMP_CurlRequest]
      Initial Block Size 64.0 KB
      Current Block Size 64.0 KB
      Peak Allocated Bytes 0 B
      Overflow Count 0
    [ALLOC_TEMP_Loading.PreloadManager]
      Peak usage frame count: [0-1.0 KB]: 1 frames
      Initial Block Size 32.0 MB
      Current Block Size 32.0 MB
      Peak Allocated Bytes 0 B
      Overflow Count 0
    [ALLOC_TEMP_BakingJobs.Worker 15]
      Initial Block Size 256.0 KB
      Current Block Size 256.0 KB
      Peak Allocated Bytes 0 B
      Overflow Count 0
    [ALLOC_TEMP_BakingJobs.Worker 14]
      Initial Block Size 256.0 KB
      Current Block Size 256.0 KB
      Peak Allocated Bytes 0 B
      Overflow Count 0
    [ALLOC_TEMP_BakingJobs.Worker 13]
      Initial Block Size 256.0 KB
      Current Block Size 256.0 KB
      Peak Allocated Bytes 0 B
      Overflow Count 0
    [ALLOC_TEMP_BakingJobs.Worker 12]
      Initial Block Size 256.0 KB
      Current Block Size 256.0 KB
      Peak Allocated Bytes 0 B
      Overflow Count 0
    [ALLOC_TEMP_BakingJobs.Worker 11]
      Initial Block Size 256.0 KB
      Current Block Size 256.0 KB
      Peak Allocated Bytes 0 B
      Overflow Count 0
    [ALLOC_TEMP_BakingJobs.Worker 10]
      Initial Block Size 256.0 KB
      Current Block Size 256.0 KB
      Peak Allocated Bytes 0 B
      Overflow Count 0
    [ALLOC_TEMP_BakingJobs.Worker 9]
      Initial Block Size 256.0 KB
      Current Block Size 256.0 KB
      Peak Allocated Bytes 0 B
      Overflow Count 0
    [ALLOC_TEMP_BakingJobs.Worker 8]
      Initial Block Size 256.0 KB
      Current Block Size 256.0 KB
      Peak Allocated Bytes 0 B
      Overflow Count 0
    [ALLOC_TEMP_BakingJobs.Worker 7]
      Initial Block Size 256.0 KB
      Current Block Size 256.0 KB
      Peak Allocated Bytes 0 B
      Overflow Count 0
    [ALLOC_TEMP_BakingJobs.Worker 6]
      Initial Block Size 256.0 KB
      Current Block Size 256.0 KB
      Peak Allocated Bytes 0 B
      Overflow Count 0
    [ALLOC_TEMP_BakingJobs.Worker 5]
      Initial Block Size 256.0 KB
      Current Block Size 256.0 KB
      Peak Allocated Bytes 0 B
      Overflow Count 0
    [ALLOC_TEMP_BakingJobs.Worker 4]
      Initial Block Size 256.0 KB
      Current Block Size 256.0 KB
      Peak Allocated Bytes 0 B
      Overflow Count 0
    [ALLOC_TEMP_BakingJobs.Worker 3]
      Initial Block Size 256.0 KB
      Current Block Size 256.0 KB
      Peak Allocated Bytes 0 B
      Overflow Count 0
    [ALLOC_TEMP_BakingJobs.Worker 2]
      Initial Block Size 256.0 KB
      Current Block Size 256.0 KB
      Peak Allocated Bytes 0 B
      Overflow Count 0
    [ALLOC_TEMP_BakingJobs.Worker 1]
      Initial Block Size 256.0 KB
      Current Block Size 256.0 KB
      Peak Allocated Bytes 0 B
      Overflow Count 0
    [ALLOC_TEMP_BakingJobs.Worker 0]
      Initial Block Size 256.0 KB
      Current Block Size 256.0 KB
      Peak Allocated Bytes 0 B
      Overflow Count 0
    [ALLOC_TEMP_AssetDatabase.FileHasherHasher]
      Initial Block Size 64.0 KB
      Current Block Size 64.0 KB
      Peak Allocated Bytes 31 B
      Overflow Count 0
    [ALLOC_TEMP_AssetDatabase.FileHasherReader]
      Initial Block Size 64.0 KB
      Current Block Size 64.0 KB
      Peak Allocated Bytes 31 B
      Overflow Count 0
    [ALLOC_TEMP_AssetDatabase.FileHasherHasher]
      Initial Block Size 64.0 KB
      Current Block Size 64.0 KB
      Peak Allocated Bytes 31 B
      Overflow Count 0
    [ALLOC_TEMP_AssetDatabase.FileHasherReader]
      Initial Block Size 64.0 KB
      Current Block Size 64.0 KB
      Peak Allocated Bytes 31 B
      Overflow Count 0
    [ALLOC_TEMP_AssetDatabase.FileHasherHasher]
      Initial Block Size 64.0 KB
      Current Block Size 64.0 KB
      Peak Allocated Bytes 31 B
      Overflow Count 0
    [ALLOC_TEMP_AssetDatabase.FileHasherReader]
      Initial Block Size 64.0 KB
      Current Block Size 64.0 KB
      Peak Allocated Bytes 31 B
      Overflow Count 0
    [ALLOC_TEMP_AssetDatabase.FileHasherHasher]
      Initial Block Size 64.0 KB
      Current Block Size 64.0 KB
      Peak Allocated Bytes 31 B
      Overflow Count 0
    [ALLOC_TEMP_AssetDatabase.FileHasherReader]
      Initial Block Size 64.0 KB
      Current Block Size 64.0 KB
      Peak Allocated Bytes 31 B
      Overflow Count 0
    [ALLOC_TEMP_Loading.AsyncRead]
      Initial Block Size 64.0 KB
      Current Block Size 64.0 KB
      Peak Allocated Bytes 0 B
      Overflow Count 0
    [ALLOC_TEMP_BatchDeleteObjects]
      Initial Block Size 64.0 KB
      Current Block Size 64.0 KB
      Peak Allocated Bytes 0 B
      Overflow Count 0
    [ALLOC_TEMP_Background Job.Worker 15]
      Initial Block Size 32.0 KB
      Current Block Size 32.0 KB
      Peak Allocated Bytes 0 B
      Overflow Count 0
    [ALLOC_TEMP_Background Job.Worker 14]
      Initial Block Size 32.0 KB
      Current Block Size 32.0 KB
      Peak Allocated Bytes 0 B
      Overflow Count 0
    [ALLOC_TEMP_Background Job.Worker 13]
      Initial Block Size 32.0 KB
      Current Block Size 32.0 KB
      Peak Allocated Bytes 0 B
      Overflow Count 0
    [ALLOC_TEMP_Background Job.Worker 12]
      Initial Block Size 32.0 KB
      Current Block Size 32.0 KB
      Peak Allocated Bytes 0 B
      Overflow Count 0
    [ALLOC_TEMP_Background Job.Worker 11]
      Initial Block Size 32.0 KB
      Current Block Size 32.0 KB
      Peak Allocated Bytes 0 B
      Overflow Count 0
    [ALLOC_TEMP_Background Job.Worker 10]
      Initial Block Size 32.0 KB
      Current Block Size 32.0 KB
      Peak Allocated Bytes 0 B
      Overflow Count 0
    [ALLOC_TEMP_Background Job.Worker 9]
      Initial Block Size 32.0 KB
      Current Block Size 32.0 KB
      Peak Allocated Bytes 0 B
      Overflow Count 0
    [ALLOC_TEMP_Background Job.Worker 8]
      Initial Block Size 32.0 KB
      Current Block Size 32.0 KB
      Peak Allocated Bytes 0 B
      Overflow Count 0
    [ALLOC_TEMP_Background Job.Worker 7]
      Initial Block Size 32.0 KB
      Current Block Size 32.0 KB
      Peak Allocated Bytes 0 B
      Overflow Count 0
    [ALLOC_TEMP_Background Job.Worker 6]
      Initial Block Size 32.0 KB
      Current Block Size 32.0 KB
      Peak Allocated Bytes 0 B
      Overflow Count 0
    [ALLOC_TEMP_Background Job.Worker 5]
      Initial Block Size 32.0 KB
      Current Block Size 32.0 KB
      Peak Allocated Bytes 0 B
      Overflow Count 0
    [ALLOC_TEMP_Background Job.Worker 4]
      Initial Block Size 32.0 KB
      Current Block Size 32.0 KB
      Peak Allocated Bytes 0 B
      Overflow Count 0
    [ALLOC_TEMP_Background Job.Worker 3]
      Initial Block Size 32.0 KB
      Current Block Size 32.0 KB
      Peak Allocated Bytes 0 B
      Overflow Count 0
    [ALLOC_TEMP_Background Job.Worker 2]
      Initial Block Size 32.0 KB
      Current Block Size 32.0 KB
      Peak Allocated Bytes 0 B
      Overflow Count 0
    [ALLOC_TEMP_Background Job.Worker 1]
      Initial Block Size 32.0 KB
      Current Block Size 32.0 KB
      Peak Allocated Bytes 0 B
      Overflow Count 0
    [ALLOC_TEMP_Background Job.Worker 0]
      Initial Block Size 32.0 KB
      Current Block Size 32.0 KB
      Peak Allocated Bytes 15.5 KB
      Overflow Count 0
    [ALLOC_TEMP_Job.Worker 14]
      Initial Block Size 256.0 KB
      Current Block Size 256.0 KB
      Peak Allocated Bytes 0 B
      Overflow Count 0
    [ALLOC_TEMP_Job.Worker 13]
      Initial Block Size 256.0 KB
      Current Block Size 256.0 KB
      Peak Allocated Bytes 0 B
      Overflow Count 0
    [ALLOC_TEMP_Job.Worker 12]
      Initial Block Size 256.0 KB
      Current Block Size 256.0 KB
      Peak Allocated Bytes 0 B
      Overflow Count 0
    [ALLOC_TEMP_Job.Worker 11]
      Initial Block Size 256.0 KB
      Current Block Size 256.0 KB
      Peak Allocated Bytes 0 B
      Overflow Count 0
    [ALLOC_TEMP_Job.Worker 10]
      Initial Block Size 256.0 KB
      Current Block Size 256.0 KB
      Peak Allocated Bytes 0 B
      Overflow Count 0
    [ALLOC_TEMP_Job.Worker 9]
      Initial Block Size 256.0 KB
      Current Block Size 256.0 KB
      Peak Allocated Bytes 0 B
      Overflow Count 0
    [ALLOC_TEMP_Job.Worker 8]
      Initial Block Size 256.0 KB
      Current Block Size 256.0 KB
      Peak Allocated Bytes 0 B
      Overflow Count 0
    [ALLOC_TEMP_Job.Worker 7]
      Initial Block Size 256.0 KB
      Current Block Size 256.0 KB
      Peak Allocated Bytes 0 B
      Overflow Count 0
    [ALLOC_TEMP_Job.Worker 6]
      Initial Block Size 256.0 KB
      Current Block Size 256.0 KB
      Peak Allocated Bytes 0 B
      Overflow Count 0
    [ALLOC_TEMP_Job.Worker 5]
      Initial Block Size 256.0 KB
      Current Block Size 256.0 KB
      Peak Allocated Bytes 0 B
      Overflow Count 0
    [ALLOC_TEMP_Job.Worker 4]
      Initial Block Size 256.0 KB
      Current Block Size 256.0 KB
      Peak Allocated Bytes 0 B
      Overflow Count 0
    [ALLOC_TEMP_Job.Worker 3]
      Initial Block Size 256.0 KB
      Current Block Size 256.0 KB
      Peak Allocated Bytes 0 B
      Overflow Count 0
    [ALLOC_TEMP_Job.Worker 2]
      Initial Block Size 256.0 KB
      Current Block Size 256.0 KB
      Peak Allocated Bytes 0 B
      Overflow Count 0
    [ALLOC_TEMP_Job.Worker 1]
      Initial Block Size 256.0 KB
      Current Block Size 256.0 KB
      Peak Allocated Bytes 0 B
      Overflow Count 0
    [ALLOC_TEMP_Job.Worker 0]
      Initial Block Size 256.0 KB
      Current Block Size 256.0 KB
      Peak Allocated Bytes 0 B
      Overflow Count 0
    [ALLOC_TEMP_MAIN]
      Initial Block Size 16.0 MB
      Current Block Size 17.4 MB
      Peak Allocated Bytes 14.8 MB
      Overflow Count 0
    [ALLOC_TEMP_CoreBusinessMetricsCache]
      Initial Block Size 64.0 KB
      Current Block Size 64.0 KB
      Peak Allocated Bytes 0 B
      Overflow Count 0
    [ALLOC_TEMP_AssetDatabase.IOService]
      Initial Block Size 64.0 KB
      Current Block Size 64.0 KB
      Peak Allocated Bytes 32.6 KB
      Overflow Count 0
    [ALLOC_TEMP_Profiler.Dispatcher]
      Initial Block Size 64.0 KB
      Current Block Size 64.0 KB
      Peak Allocated Bytes 0 B
      Overflow Count 0
    [ALLOC_TEMP_AssetGarbageCollectorHelper] x 15
      Initial Block Size 64.0 KB
      Current Block Size 64.0 KB
      Peak Allocated Bytes 0 B
      Overflow Count 0
[ALLOC_MEMORYPROFILER]
  Requested Block Size 1.0 MB
  Peak Block count 1
  Peak Allocated memory 0.6 MB
  Peak Large allocation bytes 0 B
[ALLOC_DEFAULT] Dual Thread Allocator
  Peak main deferred allocation count 78
    [ALLOC_BUCKET]
      Large Block size 32.0 MB
      Used Block count 1
      Peak Allocated bytes 5.5 MB
    [ALLOC_DEFAULT_MAIN]
      Requested Block Size 16.0 MB
      Peak Block count 3
      Peak Allocated memory 33.8 MB
      Peak Large allocation bytes 0 B
    [ALLOC_DEFAULT_THREAD]
      Requested Block Size 16.0 MB
      Peak Block count 1
      Peak Allocated memory 363.7 KB
      Peak Large allocation bytes 0 B
[ALLOC_TEMP_JOB_1_FRAME]
  Initial Block Size 2.0 MB
  Used Block Count 1
  Overflow Count (too large) 0
  Overflow Count (full) 0
[ALLOC_TEMP_JOB_2_FRAMES]
  Initial Block Size 2.0 MB
  Used Block Count 1
  Overflow Count (too large) 0
  Overflow Count (full) 0
[ALLOC_TEMP_JOB_4_FRAMES (JobTemp)]
  Initial Block Size 2.0 MB
  Used Block Count 2
  Overflow Count (too large) 0
  Overflow Count (full) 0
[ALLOC_TEMP_JOB_ASYNC (Background)]
  Initial Block Size 1.0 MB
  Used Block Count 1
  Overflow Count (too large) 0
  Overflow Count (full) 0
[ALLOC_GFX] Dual Thread Allocator
  Peak main deferred allocation count 0
    [ALLOC_BUCKET]
      Large Block size 32.0 MB
      Used Block count 1
      Peak Allocated bytes 5.5 MB
    [ALLOC_GFX_MAIN]
      Requested Block Size 16.0 MB
      Peak Block count 1
      Peak Allocated memory 96.2 MB
      Peak Large allocation bytes 96.0 MB
    [ALLOC_GFX_THREAD]
      Requested Block Size 16.0 MB
      Peak Block count 0
      Peak Allocated memory 0 B
      Peak Large allocation bytes 0 B
[ALLOC_CACHEOBJECTS] Dual Thread Allocator
  Peak main deferred allocation count 16963
    [ALLOC_BUCKET]
      Large Block size 32.0 MB
      Used Block count 1
      Peak Allocated bytes 5.5 MB
    [ALLOC_CACHEOBJECTS_MAIN]
      Requested Block Size 4.0 MB
      Peak Block count 16
      Peak Allocated memory 57.2 MB
      Peak Large allocation bytes 0 B
    [ALLOC_CACHEOBJECTS_THREAD]
      Requested Block Size 4.0 MB
      Peak Block count 0
      Peak Allocated memory 0 B
      Peak Large allocation bytes 0 B
[ALLOC_TYPETREE] Dual Thread Allocator
  Peak main deferred allocation count 20253
    [ALLOC_BUCKET]
      Large Block size 32.0 MB
      Used Block count 1
      Peak Allocated bytes 5.5 MB
    [ALLOC_TYPETREE_MAIN]
      Requested Block Size 2.0 MB
      Peak Block count 8
      Peak Allocated memory 14.4 MB
      Peak Large allocation bytes 0 B
    [ALLOC_TYPETREE_THREAD]
      Requested Block Size 2.0 MB
      Peak Block count 0
      Peak Allocated memory 0 B
      Peak Large allocation bytes 0 B
[ALLOC_PROFILER]
  Requested Block Size 16.0 MB
  Peak Block count 1
  Peak Allocated memory 46.4 KB
  Peak Large allocation bytes 0 B
    [ALLOC_PROFILER_BUCKET]
      Large Block size 32.0 MB
      Used Block count 1
      Peak Allocated bytes 336 B
[ALLOC_PROFILER_EDITOR]
  Requested Block Size 1.0 MB
  Peak Block count 0
  Peak Allocated memory 0 B
  Peak Large allocation bytes 0 B
    [ALLOC_PROFILER_BUCKET]
      Large Block size 32.0 MB
      Used Block count 1
      Peak Allocated bytes 336 B
##utp:{"type":"MemoryLeaks","version":2,"phase":"Immediate","time":1655499141844,"processId":20313,"allocatedMemory":38158185,"memoryLabels":[{"Default":36027},{"Permanent":17880},{"Thread":1097304},{"Manager":1075655},{"VertexData":91196},{"Geometry":688},{"Particles":17856},{"VFX":768},{"Texture":84705},{"Shader":119588},{"Material":8112},{"GfxDevice":229872},{"Animation":15006},{"Audio":4508},{"Font":1400},{"Physics":268733},{"Physics2D":152912},{"Serialization":4989940},{"Input":59504},{"JobScheduler":576},{"GarbageCollector":1049152},{"Mono":92},{"ScriptingNativeRuntime":43520},{"BaseObject":1812318},{"Resource":1180},{"Renderer":10008},{"Transform":48},{"File":13215},{"Network":3032},{"WebCam":24},{"Culling":48},{"Terrain":1065},{"TerrainPhysics":8},{"Wind":24},{"STL":184320},{"String":16232324},{"DynamicArray":1068646},{"HashMap":1526732},{"Utility":2374402},{"Curl":1112},{"PoolAlloc":452432},{"AI":59616},{"TypeTree":2064},{"ScriptManager":1699749},{"RuntimeInitializeOnLoadManager":72},{"AncestorCache":32},{"SpriteAtlas":112},{"GI":15312},{"Unet":16},{"Director":7816},{"WebRequest":720},{"VR":45921},{"SceneManager":640},{"Video":256},{"LazyScriptCache":32},{"ManagedAttributeManager":1},{"TextureStreaming":1416},{"NativeArray":12},{"ScreenCapture":8},{"Camera":25},{"Secure":1},{"CrashReporter":968},{"SerializationCache":624},{"APIUpdating":5872},{"Subsystems":384},{"VirtualTexturing":59424},{"StaticSafetyDebugInfo":327752},{"EditorGui":8084},{"EditorUtility":31807},{"VersionControl":4},{"Undo":450},{"AssetDatabase":2476956},{"AssetImporter":272053},{"RestService":5994},{"EditorGi":23704},{"ProgressiveLightmapper":10832},{"License":48},{"UnityConnect":28584},{"Collab":641},{"Upm":1128},{"DrivenProperties":80},{"HubClient":32},{"LocalIPC":120},{"ProfilerEditor":20157},{"CoreBusinessMetrics":2702},{"AssetReference":32}]}
